[DEBUG] 2019-10-20 15:45:13.906 [JavaFX Application Thread] MainFXMLController - homebtn
[DEBUG] 2019-10-20 15:45:16.486 [JavaFX Application Thread] MainFXMLController - exploreBtn
[DEBUG] 2019-10-20 15:45:17.529 [JavaFX Application Thread] MainFXMLController - messagesBtn
[DEBUG] 2019-10-20 15:45:19.012 [JavaFX Application Thread] MainFXMLController - messagesBtn
[DEBUG] 2019-10-20 15:45:20.148 [JavaFX Application Thread] MainFXMLController - profileBtn
[DEBUG] 2019-10-20 15:45:20.870 [JavaFX Application Thread] MainFXMLController - profileBtn1
[DEBUG] 2019-10-20 15:45:26.070 [JavaFX Application Thread] MainFXMLController - profileBtn1
[DEBUG] 2019-10-20 15:48:16.578 [JavaFX Application Thread] MainFXMLController - notificationsBtn
[DEBUG] 2019-10-20 15:48:18.262 [JavaFX Application Thread] MainFXMLController - profileBtn
[DEBUG] 2019-10-20 15:48:19.520 [JavaFX Application Thread] MainFXMLController - messagesBtn
[DEBUG] 2019-10-20 15:48:22.629 [JavaFX Application Thread] MainFXMLController - exploreBtn
[DEBUG] 2019-10-20 15:48:23.431 [JavaFX Application Thread] MainFXMLController - homebtn
[DEBUG] 2019-10-20 15:48:26.232 [JavaFX Application Thread] MainFXMLController - messagesBtn
[DEBUG] 2019-10-20 15:48:26.953 [JavaFX Application Thread] MainFXMLController - profileBtn
[DEBUG] 2019-10-20 15:48:27.578 [JavaFX Application Thread] MainFXMLController - notificationsBtn
[DEBUG] 2019-10-20 15:56:47.778 [JavaFX Application Thread] MainFXMLController - homebtn
[DEBUG] 2019-10-20 15:56:48.419 [JavaFX Application Thread] MainFXMLController - exploreBtn
[DEBUG] 2019-10-20 15:56:51.331 [JavaFX Application Thread] MainFXMLController - messagesBtn
[DEBUG] 2019-10-20 15:56:52.482 [JavaFX Application Thread] MainFXMLController - profileBtn
[DEBUG] 2019-10-20 15:56:53.342 [JavaFX Application Thread] MainFXMLController - notificationsBtn
[DEBUG] 2019-10-20 15:56:59.586 [JavaFX Application Thread] MainFXMLController - notificationsBtn
[DEBUG] 2019-10-20 15:57:00.056 [JavaFX Application Thread] MainFXMLController - profileBtn
[DEBUG] 2019-10-20 15:57:00.465 [JavaFX Application Thread] MainFXMLController - exploreBtn
[DEBUG] 2019-10-20 15:59:36.806 [JavaFX Application Thread] MainFXMLController - exploreBtn
[DEBUG] 2019-10-20 15:59:37.924 [JavaFX Application Thread] MainFXMLController - messagesBtn
[DEBUG] 2019-10-20 15:59:39.043 [JavaFX Application Thread] MainFXMLController - profileBtn
[DEBUG] 2019-10-20 15:59:39.725 [JavaFX Application Thread] MainFXMLController - notificationsBtn
[DEBUG] 2019-10-20 15:59:40.358 [JavaFX Application Thread] MainFXMLController - profileBtn
[DEBUG] 2019-10-20 15:59:40.808 [JavaFX Application Thread] MainFXMLController - messagesBtn
[DEBUG] 2019-10-20 15:59:41.276 [JavaFX Application Thread] MainFXMLController - exploreBtn
[DEBUG] 2019-10-20 15:59:41.755 [JavaFX Application Thread] MainFXMLController - homebtn
[DEBUG] 2019-10-20 15:59:44.003 [JavaFX Application Thread] MainFXMLController - exploreBtn
[DEBUG] 2019-10-20 15:59:44.461 [JavaFX Application Thread] MainFXMLController - messagesBtn
[DEBUG] 2019-10-20 15:59:44.918 [JavaFX Application Thread] MainFXMLController - profileBtn
[DEBUG] 2019-10-20 15:59:45.319 [JavaFX Application Thread] MainFXMLController - notificationsBtn
[DEBUG] 2019-10-20 16:03:28.317 [JavaFX Application Thread] MainFXMLController - homebtn
[DEBUG] 2019-10-20 16:03:28.903 [JavaFX Application Thread] MainFXMLController - exploreBtn
[DEBUG] 2019-10-20 16:03:29.677 [JavaFX Application Thread] MainFXMLController - messagesBtn
[DEBUG] 2019-10-20 16:03:30.173 [JavaFX Application Thread] MainFXMLController - profileBtn
[DEBUG] 2019-10-20 16:03:30.647 [JavaFX Application Thread] MainFXMLController - profileBtn
[DEBUG] 2019-10-20 16:03:32.929 [JavaFX Application Thread] MainFXMLController - notificationsBtn
[DEBUG] 2019-10-20 16:03:35.200 [JavaFX Application Thread] MainFXMLController - null
[DEBUG] 2019-10-20 16:18:04.400 [JavaFX Application Thread] MainFXMLController - exploreBtn
[DEBUG] 2019-10-20 16:18:05.083 [JavaFX Application Thread] MainFXMLController - messagesBtn
[DEBUG] 2019-10-20 16:18:06.647 [JavaFX Application Thread] MainFXMLController - profileBtn
[DEBUG] 2019-10-20 16:18:07.140 [JavaFX Application Thread] MainFXMLController - notificationsBtn
[DEBUG] 2019-10-20 16:18:08.597 [JavaFX Application Thread] MainFXMLController - profileBtn
[DEBUG] 2019-10-20 16:18:09.123 [JavaFX Application Thread] MainFXMLController - messagesBtn
[DEBUG] 2019-10-20 16:18:09.685 [JavaFX Application Thread] MainFXMLController - messagesBtn
[DEBUG] 2019-10-20 16:18:10.289 [JavaFX Application Thread] MainFXMLController - exploreBtn
[DEBUG] 2019-10-20 16:18:10.865 [JavaFX Application Thread] MainFXMLController - homebtn
[DEBUG] 2019-10-20 16:50:47.434 [JavaFX Application Thread] MainApp - creating main scene
[DEBUG] 2019-10-20 16:50:49.062 [JavaFX Application Thread] MainApp - creating properties scene and passing required variables into controller
[DEBUG] 2019-10-20 16:50:54.021 [JavaFX Application Thread] MainFXMLController - exploreBtn
[DEBUG] 2019-10-20 16:50:54.822 [JavaFX Application Thread] MainFXMLController - messagesBtn
[DEBUG] 2019-10-20 16:50:55.854 [JavaFX Application Thread] MainFXMLController - profileBtn
[DEBUG] 2019-10-20 16:50:56.992 [JavaFX Application Thread] MainFXMLController - notificationsBtn
[DEBUG] 2019-10-20 16:50:59.157 [JavaFX Application Thread] MainFXMLController - profileBtn
[DEBUG] 2019-10-20 16:50:59.600 [JavaFX Application Thread] MainFXMLController - messagesBtn
[DEBUG] 2019-10-20 16:51:00.053 [JavaFX Application Thread] MainFXMLController - exploreBtn
[DEBUG] 2019-10-20 16:51:00.599 [JavaFX Application Thread] MainFXMLController - homebtn
[DEBUG] 2019-10-20 16:51:01.537 [JavaFX Application Thread] MainFXMLController - profileBtn
[DEBUG] 2019-10-20 20:10:43.171 [JavaFX Application Thread] MainApp - creating main scene
[DEBUG] 2019-10-20 20:10:44.770 [JavaFX Application Thread] MainApp - creating properties scene and passing required variables into controller
[DEBUG] 2019-10-20 20:21:50.145 [JavaFX Application Thread] MainApp - creating main scene
[DEBUG] 2019-10-20 20:21:51.784 [JavaFX Application Thread] MainApp - creating properties scene and passing required variables into controller
[DEBUG] 2019-10-20 20:31:00.796 [JavaFX Application Thread] MainApp - creating main scene
[DEBUG] 2019-10-20 20:31:02.417 [JavaFX Application Thread] MainApp - creating properties scene and passing required variables into controller
[DEBUG] 2019-10-20 22:00:25.424 [JavaFX Application Thread] MainApp - creating main scene
[DEBUG] 2019-10-20 22:00:27.204 [JavaFX Application Thread] MainApp - creating properties scene and passing required variables into controller
[INFO ] 2019-10-20 22:04:06.682 [JavaFX Application Thread] MainApp - creating main scene
[INFO ] 2019-10-20 22:04:08.243 [JavaFX Application Thread] MainApp - creating properties scene and passing required variables into controller
[INFO ] 2019-10-20 22:14:26.771 [JavaFX Application Thread] MainApp - creating main scene
[INFO ] 2019-10-20 22:14:28.032 [JavaFX Application Thread] MainApp - creating properties scene and passing required variables into controller
[INFO ] 2019-10-20 22:16:15.410 [JavaFX Application Thread] MainApp - creating main scene
[INFO ] 2019-10-20 22:16:17.033 [JavaFX Application Thread] MainApp - creating properties scene and passing required variables into controller
[INFO ] 2019-10-20 22:18:05.914 [JavaFX Application Thread] MainApp - creating main scene
[INFO ] 2019-10-20 22:18:07.413 [JavaFX Application Thread] MainApp - creating properties scene and passing required variables into controller
[INFO ] 2019-10-20 22:25:22.525 [JavaFX Application Thread] MainApp - creating main scene
[INFO ] 2019-10-20 22:25:23.895 [JavaFX Application Thread] MainApp - creating properties scene and passing required variables into controller
[INFO ] 2019-10-20 22:31:27.697 [JavaFX Application Thread] MainApp - creating main scene
[INFO ] 2019-10-20 22:31:29.354 [JavaFX Application Thread] MainApp - creating properties scene and passing required variables into controller
[INFO ] 2019-10-20 22:43:22.844 [JavaFX Application Thread] MainApp - creating main scene
[INFO ] 2019-10-20 22:43:25.390 [JavaFX Application Thread] MainApp - creating properties scene and passing required variables into controller
[INFO ] 2019-10-20 23:05:45.398 [JavaFX Application Thread] MainApp - creating main scene
[INFO ] 2019-10-20 23:05:46.994 [JavaFX Application Thread] MainApp - creating properties scene and passing required variables into controller
[INFO ] 2019-10-20 23:07:11.060 [JavaFX Application Thread] MainApp - creating main scene
[INFO ] 2019-10-20 23:07:12.717 [JavaFX Application Thread] MainApp - creating properties scene and passing required variables into controller
[INFO ] 2019-10-20 23:07:12.764 [JavaFX Application Thread] MainApp - getting controller 
[INFO ] 2019-10-20 23:07:12.774 [JavaFX Application Thread] MainApp - end
[INFO ] 2019-10-20 23:07:12.775 [JavaFX Application Thread] PropertiesManager - Loading Properties
[INFO ] 2019-10-20 23:07:12.775 [JavaFX Application Thread] MainApp - Entering properties scene
[INFO ] 2019-10-20 23:20:30.644 [JavaFX Application Thread] MainApp - creating main scene
[INFO ] 2019-10-20 23:20:32.302 [JavaFX Application Thread] MainApp - creating properties scene and passing required variables into controller
[INFO ] 2019-10-20 23:29:58.709 [JavaFX Application Thread] MainApp - creating main scene
[INFO ] 2019-10-20 23:30:00.048 [JavaFX Application Thread] MainApp - creating properties scene and passing required variables into controller
[DEBUG] 2019-10-20 23:30:00.091 [JavaFX Application Thread] TwitterKeysFormFXMLController - cKey: StringProperty [value: ], cSecret: StringProperty [value: ], aToken: StringProperty [value: ], aTSecret StringProperty [value: ]
[INFO ] 2019-10-20 23:33:15.123 [JavaFX Application Thread] MainApp - creating main scene
[INFO ] 2019-10-20 23:33:16.622 [JavaFX Application Thread] MainApp - creating properties scene and passing required variables into controller
[INFO ] 2019-10-20 23:34:59.908 [JavaFX Application Thread] MainApp - creating main scene
[INFO ] 2019-10-20 23:35:01.404 [JavaFX Application Thread] MainApp - creating properties scene and passing required variables into controller
[INFO ] 2019-10-20 23:43:26.724 [JavaFX Application Thread] MainApp - creating main scene
[INFO ] 2019-10-20 23:43:32.344 [JavaFX Application Thread] MainApp - creating properties scene and passing required variables into controller
[INFO ] 2019-10-20 23:47:15.198 [JavaFX Application Thread] MainApp - creating main scene
[INFO ] 2019-10-20 23:47:16.797 [JavaFX Application Thread] MainApp - creating properties scene and passing required variables into controller
[INFO ] 2019-10-20 23:52:27.002 [JavaFX Application Thread] MainApp - creating main scene
[INFO ] 2019-10-20 23:52:28.466 [JavaFX Application Thread] MainApp - creating properties scene and passing required variables into controller
[INFO ] 2019-10-20 23:56:31.797 [JavaFX Application Thread] MainApp - creating main scene
[INFO ] 2019-10-20 23:56:33.215 [JavaFX Application Thread] MainApp - creating properties scene and passing required variables into controller
[INFO ] 2019-10-20 23:57:25.491 [JavaFX Application Thread] MainApp - creating main scene
[INFO ] 2019-10-20 23:57:26.735 [JavaFX Application Thread] MainApp - creating properties scene and passing required variables into controller
[INFO ] 2019-10-20 23:57:26.812 [JavaFX Application Thread] MainApp - getting controller 
[INFO ] 2019-10-20 23:57:26.820 [JavaFX Application Thread] MainApp - end
[INFO ] 2019-10-20 23:57:26.820 [JavaFX Application Thread] PropertiesManager - Loading Properties
[INFO ] 2019-10-20 23:57:26.821 [JavaFX Application Thread] MainApp - Entering properties scene
[INFO ] 2019-10-20 23:58:03.391 [JavaFX Application Thread] MainApp - creating main scene
[INFO ] 2019-10-20 23:58:04.714 [JavaFX Application Thread] MainApp - creating properties scene and passing required variables into controller
[INFO ] 2019-10-20 23:58:04.823 [JavaFX Application Thread] MainApp - getting controller 
[INFO ] 2019-10-20 23:58:04.833 [JavaFX Application Thread] MainApp - end
[INFO ] 2019-10-20 23:58:04.834 [JavaFX Application Thread] PropertiesManager - Loading Properties
[INFO ] 2019-10-20 23:58:04.834 [JavaFX Application Thread] MainApp - Entering properties scene
[INFO ] 2019-10-21 00:01:51.164 [JavaFX Application Thread] MainApp - creating main scene
[INFO ] 2019-10-21 00:01:52.396 [JavaFX Application Thread] MainApp - creating properties scene and passing required variables into controller
[INFO ] 2019-10-21 00:01:52.498 [JavaFX Application Thread] MainApp - getting controller 
[INFO ] 2019-10-21 00:01:52.507 [JavaFX Application Thread] MainApp - end
[INFO ] 2019-10-21 00:01:52.508 [JavaFX Application Thread] PropertiesManager - Loading Properties
[INFO ] 2019-10-21 00:01:52.508 [JavaFX Application Thread] MainApp - Entering properties scene
[INFO ] 2019-10-21 00:04:33.802 [JavaFX Application Thread] MainApp - creating main scene
[INFO ] 2019-10-21 00:04:35.749 [JavaFX Application Thread] MainApp - creating properties scene and passing required variables into controller
[INFO ] 2019-10-21 00:04:35.850 [JavaFX Application Thread] MainApp - getting controller 
[INFO ] 2019-10-21 00:04:35.866 [JavaFX Application Thread] MainApp - end
[INFO ] 2019-10-21 00:04:35.866 [JavaFX Application Thread] PropertiesManager - Loading Properties
[INFO ] 2019-10-21 00:04:35.866 [JavaFX Application Thread] MainApp - Entering properties scene
[DEBUG] 2019-10-21 00:05:18.949 [JavaFX Application Thread] PropertiesManager - /Users/evangreenstein/NetBeansProjects/twitter-client
[DEBUG] 2019-10-21 00:05:24.607 [JavaFX Application Thread] MainFXMLController - exploreBtn
[DEBUG] 2019-10-21 00:05:25.212 [JavaFX Application Thread] MainFXMLController - messagesBtn
[DEBUG] 2019-10-21 00:05:25.630 [JavaFX Application Thread] MainFXMLController - profileBtn
[DEBUG] 2019-10-21 00:05:26.054 [JavaFX Application Thread] MainFXMLController - notificationsBtn
[DEBUG] 2019-10-21 00:05:26.762 [JavaFX Application Thread] MainFXMLController - profileBtn
[DEBUG] 2019-10-21 00:05:27.179 [JavaFX Application Thread] MainFXMLController - messagesBtn
[DEBUG] 2019-10-21 00:05:27.586 [JavaFX Application Thread] MainFXMLController - exploreBtn
[DEBUG] 2019-10-21 00:05:27.956 [JavaFX Application Thread] MainFXMLController - homebtn
[INFO ] 2019-10-25 12:02:38.415 [JavaFX Application Thread] MainApp - creating main scene
[INFO ] 2019-10-25 12:02:40.424 [JavaFX Application Thread] MainApp - creating properties scene and passing required variables into controller
[INFO ] 2019-10-25 12:02:40.508 [JavaFX Application Thread] MainApp - getting controller 
[INFO ] 2019-10-25 12:02:40.518 [JavaFX Application Thread] MainApp - end
[INFO ] 2019-10-25 12:02:40.518 [JavaFX Application Thread] PropertiesManager - Loading Properties
[INFO ] 2019-10-25 12:02:40.523 [JavaFX Application Thread] MainApp - Entering main scene
[DEBUG] 2019-10-25 12:02:47.451 [JavaFX Application Thread] MainFXMLController - exploreBtn
[DEBUG] 2019-10-25 12:02:48.406 [JavaFX Application Thread] MainFXMLController - messagesBtn
[DEBUG] 2019-10-25 12:02:49.760 [JavaFX Application Thread] MainFXMLController - profileBtn
[DEBUG] 2019-10-25 12:02:50.208 [JavaFX Application Thread] MainFXMLController - notificationsBtn
[DEBUG] 2019-10-25 12:02:51.330 [JavaFX Application Thread] MainFXMLController - notificationsBtn
[DEBUG] 2019-10-25 12:02:52.033 [JavaFX Application Thread] MainFXMLController - profileBtn
[DEBUG] 2019-10-25 12:02:52.578 [JavaFX Application Thread] MainFXMLController - profileBtn
[DEBUG] 2019-10-25 12:02:53.227 [JavaFX Application Thread] MainFXMLController - messagesBtn
[DEBUG] 2019-10-25 12:02:53.740 [JavaFX Application Thread] MainFXMLController - messagesBtn
[DEBUG] 2019-10-25 12:02:54.213 [JavaFX Application Thread] MainFXMLController - messagesBtn
[DEBUG] 2019-10-25 12:02:54.759 [JavaFX Application Thread] MainFXMLController - exploreBtn
[DEBUG] 2019-10-25 12:02:55.264 [JavaFX Application Thread] MainFXMLController - homebtn
[INFO ] 2019-10-21 13:02:26.341 [JavaFX Application Thread] MainApp - creating main scene
[INFO ] 2019-10-21 13:02:26.893 [JavaFX Application Thread] MainApp - creating properties scene and passing required variables into controller
[INFO ] 2019-10-21 13:02:26.942 [JavaFX Application Thread] MainApp - getting controller 
[INFO ] 2019-10-21 13:02:26.949 [JavaFX Application Thread] MainApp - end
[INFO ] 2019-10-21 13:02:26.949 [JavaFX Application Thread] PropertiesManager - Loading Properties
[INFO ] 2019-10-21 13:02:26.950 [JavaFX Application Thread] MainApp - Entering main scene
[DEBUG] 2019-10-21 13:02:39.709 [JavaFX Application Thread] MainFXMLController - homebtn
[DEBUG] 2019-10-21 13:02:40.213 [JavaFX Application Thread] MainFXMLController - exploreBtn
[DEBUG] 2019-10-21 13:02:41.285 [JavaFX Application Thread] MainFXMLController - messagesBtn
[DEBUG] 2019-10-21 13:02:41.717 [JavaFX Application Thread] MainFXMLController - profileBtn
[DEBUG] 2019-10-21 13:02:42.277 [JavaFX Application Thread] MainFXMLController - notificationsBtn
[DEBUG] 2019-10-21 13:02:44.557 [JavaFX Application Thread] MainFXMLController - notificationsBtn
[DEBUG] 2019-10-21 13:02:45.573 [JavaFX Application Thread] MainFXMLController - notificationsBtn
[DEBUG] 2019-10-21 13:02:46.180 [JavaFX Application Thread] MainFXMLController - profileBtn
[DEBUG] 2019-10-21 13:02:46.501 [JavaFX Application Thread] MainFXMLController - messagesBtn
[DEBUG] 2019-10-21 13:02:46.837 [JavaFX Application Thread] MainFXMLController - exploreBtn
[DEBUG] 2019-10-21 13:02:47.502 [JavaFX Application Thread] MainFXMLController - homebtn
[DEBUG] 2019-10-21 13:02:54.917 [JavaFX Application Thread] MainFXMLController - exploreBtn
[DEBUG] 2019-10-21 13:03:19.477 [JavaFX Application Thread] MainFXMLController - homebtn
[DEBUG] 2019-10-21 13:03:20.477 [JavaFX Application Thread] MainFXMLController - messagesBtn
[INFO ] 2019-10-21 13:13:13.805 [JavaFX Application Thread] MainApp - creating main scene
[INFO ] 2019-10-21 13:13:14.325 [JavaFX Application Thread] MainApp - creating properties scene and passing required variables into controller
[INFO ] 2019-10-21 13:13:14.377 [JavaFX Application Thread] MainApp - getting controller 
[INFO ] 2019-10-21 13:13:14.385 [JavaFX Application Thread] MainApp - end
[INFO ] 2019-10-21 13:13:14.385 [JavaFX Application Thread] PropertiesManager - Loading Properties
[INFO ] 2019-10-21 13:13:14.386 [JavaFX Application Thread] MainApp - Entering main scene
[DEBUG] 2019-10-21 13:15:30.380 [JavaFX Application Thread] MainFXMLController - exploreBtn
[DEBUG] 2019-10-21 13:15:55.164 [JavaFX Application Thread] MainFXMLController - messagesBtn
[DEBUG] 2019-10-21 13:17:15.027 [JavaFX Application Thread] MainFXMLController - profileBtn
[DEBUG] 2019-10-21 13:18:50.396 [JavaFX Application Thread] MainFXMLController - notificationsBtn
[INFO ] 2019-10-21 13:57:04.859 [JavaFX Application Thread] MainApp - creating main scene
[INFO ] 2019-10-21 14:01:23.382 [JavaFX Application Thread] MainApp - creating main scene
[INFO ] 2019-10-21 14:01:23.942 [JavaFX Application Thread] MainApp - creating properties scene and passing required variables into controller
[INFO ] 2019-10-21 14:01:23.991 [JavaFX Application Thread] MainApp - getting controller 
[INFO ] 2019-10-21 14:01:23.996 [JavaFX Application Thread] MainApp - end
[INFO ] 2019-10-21 14:01:23.996 [JavaFX Application Thread] PropertiesManager - Loading Properties
[INFO ] 2019-10-21 14:01:23.997 [JavaFX Application Thread] MainApp - Entering main scene
[DEBUG] 2019-10-21 14:01:29.307 [JavaFX Application Thread] MainFXMLController - exploreBtn
[DEBUG] 2019-10-21 14:01:29.796 [JavaFX Application Thread] MainFXMLController - messagesBtn
[DEBUG] 2019-10-21 14:01:30.195 [JavaFX Application Thread] MainFXMLController - profileBtn
[DEBUG] 2019-10-21 14:01:30.803 [JavaFX Application Thread] MainFXMLController - notificationsBtn
[DEBUG] 2019-10-21 14:01:32.243 [JavaFX Application Thread] MainFXMLController - notificationsBtn
[DEBUG] 2019-10-21 14:01:32.539 [JavaFX Application Thread] MainFXMLController - profileBtn
[DEBUG] 2019-10-21 14:01:32.811 [JavaFX Application Thread] MainFXMLController - exploreBtn
[DEBUG] 2019-10-21 14:01:33.027 [JavaFX Application Thread] MainFXMLController - homebtn
[INFO ] 2019-10-21 14:05:15.437 [JavaFX Application Thread] MainApp - creating main scene
[INFO ] 2019-10-21 14:05:15.971 [JavaFX Application Thread] MainApp - creating properties scene and passing required variables into controller
[INFO ] 2019-10-21 14:05:16.021 [JavaFX Application Thread] MainApp - getting controller 
[INFO ] 2019-10-21 14:05:16.026 [JavaFX Application Thread] MainApp - end
[INFO ] 2019-10-21 14:05:16.027 [JavaFX Application Thread] PropertiesManager - Loading Properties
[INFO ] 2019-10-21 14:05:16.028 [JavaFX Application Thread] MainApp - Entering main scene
[INFO ] 2019-10-21 14:08:28.829 [JavaFX Application Thread] MainApp - creating main scene
[INFO ] 2019-10-21 14:08:29.388 [JavaFX Application Thread] MainApp - creating properties scene and passing required variables into controller
[INFO ] 2019-10-21 14:08:29.441 [JavaFX Application Thread] MainApp - getting controller 
[INFO ] 2019-10-21 14:08:29.446 [JavaFX Application Thread] MainApp - end
[INFO ] 2019-10-21 14:08:29.446 [JavaFX Application Thread] PropertiesManager - Loading Properties
[INFO ] 2019-10-21 14:08:29.447 [JavaFX Application Thread] MainApp - Entering main scene
[DEBUG] 2019-10-21 14:08:50.396 [JavaFX Application Thread] MainFXMLController - exploreBtn
[DEBUG] 2019-10-21 14:08:52.044 [JavaFX Application Thread] MainFXMLController - messagesBtn
[DEBUG] 2019-10-21 14:08:54.780 [JavaFX Application Thread] MainFXMLController - profileBtn
[DEBUG] 2019-10-21 14:08:56.661 [JavaFX Application Thread] MainFXMLController - notificationsBtn
[DEBUG] 2019-10-21 14:08:57.636 [JavaFX Application Thread] MainFXMLController - profileBtn
[DEBUG] 2019-10-21 14:08:58.020 [JavaFX Application Thread] MainFXMLController - messagesBtn
[DEBUG] 2019-10-21 14:08:58.461 [JavaFX Application Thread] MainFXMLController - exploreBtn
[DEBUG] 2019-10-21 14:08:58.860 [JavaFX Application Thread] MainFXMLController - homebtn
[DEBUG] 2019-10-21 14:09:00.301 [JavaFX Application Thread] MainFXMLController - exploreBtn
[DEBUG] 2019-10-21 14:09:00.572 [JavaFX Application Thread] MainFXMLController - profileBtn
[INFO ] 2019-10-21 14:09:50.628 [JavaFX Application Thread] MainApp - creating main scene
[INFO ] 2019-10-21 14:09:51.200 [JavaFX Application Thread] MainApp - creating properties scene and passing required variables into controller
[INFO ] 2019-10-21 14:09:51.252 [JavaFX Application Thread] MainApp - getting controller 
[INFO ] 2019-10-21 14:09:51.258 [JavaFX Application Thread] MainApp - end
[INFO ] 2019-10-21 14:09:51.258 [JavaFX Application Thread] PropertiesManager - Loading Properties
[INFO ] 2019-10-21 14:09:51.259 [JavaFX Application Thread] MainApp - Entering main scene
[INFO ] 2019-10-21 14:13:12.873 [JavaFX Application Thread] MainApp - creating main scene
[INFO ] 2019-10-21 14:13:13.445 [JavaFX Application Thread] MainApp - creating properties scene and passing required variables into controller
[INFO ] 2019-10-21 14:13:13.496 [JavaFX Application Thread] MainApp - getting controller 
[INFO ] 2019-10-21 14:13:13.501 [JavaFX Application Thread] MainApp - end
[INFO ] 2019-10-21 14:13:13.501 [JavaFX Application Thread] PropertiesManager - Loading Properties
[INFO ] 2019-10-21 14:13:13.502 [JavaFX Application Thread] MainApp - Entering main scene
[DEBUG] 2019-10-21 14:13:17.725 [JavaFX Application Thread] MainFXMLController - homebtn
[DEBUG] 2019-10-21 14:13:18.173 [JavaFX Application Thread] MainFXMLController - exploreBtn
[DEBUG] 2019-10-21 14:13:18.861 [JavaFX Application Thread] MainFXMLController - messagesBtn
[DEBUG] 2019-10-21 14:13:19.365 [JavaFX Application Thread] MainFXMLController - profileBtn
[DEBUG] 2019-10-21 14:13:19.781 [JavaFX Application Thread] MainFXMLController - notificationsBtn
[DEBUG] 2019-10-21 14:13:20.933 [JavaFX Application Thread] MainFXMLController - notificationsBtn
[DEBUG] 2019-10-21 14:13:21.269 [JavaFX Application Thread] MainFXMLController - profileBtn
[DEBUG] 2019-10-21 14:13:21.597 [JavaFX Application Thread] MainFXMLController - messagesBtn
[DEBUG] 2019-10-21 14:13:21.981 [JavaFX Application Thread] MainFXMLController - exploreBtn
[DEBUG] 2019-10-21 14:13:23.117 [JavaFX Application Thread] MainFXMLController - homebtn
[DEBUG] 2019-10-21 14:13:27.685 [JavaFX Application Thread] MainFXMLController - profileBtn
[INFO ] 2019-10-21 14:16:14.358 [JavaFX Application Thread] MainApp - creating main scene
[INFO ] 2019-10-21 14:16:14.847 [JavaFX Application Thread] MainApp - creating properties scene and passing required variables into controller
[INFO ] 2019-10-21 14:16:14.898 [JavaFX Application Thread] MainApp - getting controller 
[INFO ] 2019-10-21 14:16:14.904 [JavaFX Application Thread] MainApp - end
[INFO ] 2019-10-21 14:16:14.904 [JavaFX Application Thread] PropertiesManager - Loading Properties
[INFO ] 2019-10-21 14:16:14.905 [JavaFX Application Thread] MainApp - Entering main scene
[DEBUG] 2019-10-21 14:16:20.822 [JavaFX Application Thread] MainFXMLController - homebtn
[DEBUG] 2019-10-21 14:16:21.325 [JavaFX Application Thread] MainFXMLController - exploreBtn
[DEBUG] 2019-10-21 14:16:21.814 [JavaFX Application Thread] MainFXMLController - messagesBtn
[DEBUG] 2019-10-21 14:16:22.238 [JavaFX Application Thread] MainFXMLController - profileBtn
[DEBUG] 2019-10-21 14:16:22.710 [JavaFX Application Thread] MainFXMLController - notificationsBtn
[DEBUG] 2019-10-21 14:16:23.630 [JavaFX Application Thread] MainFXMLController - notificationsBtn
[INFO ] 2019-10-21 14:17:31.124 [JavaFX Application Thread] MainApp - creating main scene
[INFO ] 2019-10-21 14:17:31.680 [JavaFX Application Thread] MainApp - creating properties scene and passing required variables into controller
[INFO ] 2019-10-21 14:17:31.724 [JavaFX Application Thread] MainApp - getting controller 
[INFO ] 2019-10-21 14:17:31.729 [JavaFX Application Thread] MainApp - end
[INFO ] 2019-10-21 14:17:31.729 [JavaFX Application Thread] PropertiesManager - Loading Properties
[INFO ] 2019-10-21 14:17:31.730 [JavaFX Application Thread] MainApp - Entering main scene
[DEBUG] 2019-10-21 14:17:34.606 [JavaFX Application Thread] MainFXMLController - profileBtn
[INFO ] 2019-10-21 14:18:32.392 [JavaFX Application Thread] MainApp - creating main scene
[INFO ] 2019-10-21 14:18:32.927 [JavaFX Application Thread] MainApp - creating properties scene and passing required variables into controller
[INFO ] 2019-10-21 14:18:32.972 [JavaFX Application Thread] MainApp - getting controller 
[INFO ] 2019-10-21 14:18:32.977 [JavaFX Application Thread] MainApp - end
[INFO ] 2019-10-21 14:18:32.977 [JavaFX Application Thread] PropertiesManager - Loading Properties
[INFO ] 2019-10-21 14:18:32.978 [JavaFX Application Thread] MainApp - Entering main scene
[DEBUG] 2019-10-21 14:18:36.148 [JavaFX Application Thread] MainFXMLController - profileBtn
[INFO ] 2019-10-21 14:19:22.518 [JavaFX Application Thread] MainApp - creating main scene
[INFO ] 2019-10-21 14:19:23.080 [JavaFX Application Thread] MainApp - creating properties scene and passing required variables into controller
[INFO ] 2019-10-21 14:19:23.134 [JavaFX Application Thread] MainApp - getting controller 
[INFO ] 2019-10-21 14:19:23.140 [JavaFX Application Thread] MainApp - end
[INFO ] 2019-10-21 14:19:23.140 [JavaFX Application Thread] PropertiesManager - Loading Properties
[INFO ] 2019-10-21 14:19:23.142 [JavaFX Application Thread] MainApp - Entering main scene
[DEBUG] 2019-10-21 14:19:25.908 [JavaFX Application Thread] MainFXMLController - profileBtn
